---------- Date: 2014-03-30 03:31:03 ~ IP : 220.255.2.231 ----------
REQUEST URI : /index.php?route=product/product&amp;product_id=368&amp;page=3
MOD DETAILS:
   modFile   : /home/vitamin1/public_html/vqmod/xml/extra_product_tab_catalog.xml
   id        : Additional Product Tabs
   version   : 1.0.3
   vqmver    : 2.2.1
   author    : Godfrey Livinstone

File Name    : catalog/view/theme/oxy/template/product/product.tpl(8)
VQModObject::applyMod - SEARCH NOT FOUND (SKIPPED): <div id="tab-related" class="tab-content">

----------------------------------------------------------------------


---------- Date: 2014-03-30 12:51:46 ~ IP : 182.55.183.16 ----------
REQUEST URI : /index.php?route=product/product&amp;product_id=367
MOD DETAILS:
   modFile   : /home/vitamin1/public_html/vqmod/xml/extra_product_tab_catalog.xml
   id        : Additional Product Tabs
   version   : 1.0.3
   vqmver    : 2.2.1
   author    : Godfrey Livinstone

File Name    : catalog/view/theme/oxy/template/product/product.tpl(8)
VQModObject::applyMod - SEARCH NOT FOUND (SKIPPED): <div id="tab-related" class="tab-content">

----------------------------------------------------------------------


