---------- Date: 2015-04-07 03:46:27 ~ IP : 54.83.77.98 ----------
REQUEST URI : /personal-care/hand-soap/dettol-sensitive-anti-bacterial-hand-soap-250ml
MOD DETAILS:
   modFile   : /home/vitamin1/public_html/vqmod/xml/extra_product_tab_catalog.xml
   id        : Additional Product Tabs
   version   : 1.0.3
   vqmver    : 2.2.1
   author    : Godfrey Livinstone

File Name    : catalog/view/theme/oxy/template/product/product.tpl(8)
VQModObject::applyMod - SEARCH NOT FOUND (SKIPPED): <div id="tab-related" class="tab-content">

----------------------------------------------------------------------


---------- Date: 2015-04-07 03:47:26 ~ IP : 54.83.77.98 ----------
REQUEST URI : /personal-care/oral-care/tea-tree-therapy-natural-whitening-toothpaste-with-tea-tree-oil-3oz-85g
MOD DETAILS:
   modFile   : /home/vitamin1/public_html/vqmod/xml/extra_product_tab_catalog.xml
   id        : Additional Product Tabs
   version   : 1.0.3
   vqmver    : 2.2.1
   author    : Godfrey Livinstone

File Name    : catalog/view/theme/oxy/template/product/product.tpl(8)
VQModObject::applyMod - SEARCH NOT FOUND (SKIPPED): <div id="tab-related" class="tab-content">

----------------------------------------------------------------------


---------- Date: 2015-04-07 03:47:34 ~ IP : 54.83.77.98 ----------
REQUEST URI : /personal-care/oral-care/tea-tree-therapy-oral-care-pack-tea-tree-therapy-oral-care-pack
MOD DETAILS:
   modFile   : /home/vitamin1/public_html/vqmod/xml/extra_product_tab_catalog.xml
   id        : Additional Product Tabs
   version   : 1.0.3
   vqmver    : 2.2.1
   author    : Godfrey Livinstone

File Name    : catalog/view/theme/oxy/template/product/product.tpl(8)
VQModObject::applyMod - SEARCH NOT FOUND (SKIPPED): <div id="tab-related" class="tab-content">

----------------------------------------------------------------------


