---------- Date: 2014-11-27 07:04:45 ~ IP : 42.61.220.143 ----------
REQUEST URI : /admin/index.php?route=module/vqmod_manager&amp;token=a6b79fd88bb2f52ffaf8533db7337ab8
MOD DETAILS:
   modFile   : /home/vitamin1/public_html/vqmod/xml/gift_promotion.xml
   id        : Gift Promotion
   version   : 1.3
   vqmver    : 2.0
   author    : Opcrat
VQModObject::parseMods - Could not resolve path for [catalog/view/theme/oyx/template/checkout/cart.tpl] (SKIPPED)

MOD DETAILS:
   modFile   : /home/vitamin1/public_html/vqmod/xml/sp_pp_standard_discount_dix_oc_150x.xml
   id        : Special Promotions PayPal Standard Payment Discount Fix for OpenCart v1.5.0.x
   version   : 1.0
   vqmver    : 1.2.3
   author    : Malcolm
VQModObject::parseMods - Could not resolve path for [catalog/view/theme/oxy/template/payment/pp_standard.tpl] (SKIPPED)

MOD DETAILS:
   modFile   : /home/vitamin1/public_html/vqmod/xml/r8_ofs_report.xml
   id        : Out of Stock Report
   version   : 1.5.4
   vqmver    : 2.1
   author    : Reason8.com.au

File Name    : admin/view/template/common/header.tpl(0)
VQModObject::applyMod - SEARCH NOT FOUND (ABORTING MOD): <li><a href="<?php echo $report_product_purchased; ?>"><?php echo $text_report_product_purchased; ?></a></li>
----------------------------------------------------------------------


---------- Date: 2014-11-27 07:05:00 ~ IP : 42.61.220.143 ----------
REQUEST URI : /stazen-spirulina-pacifica-500mg-400-tablets
MOD DETAILS:
   modFile   : /home/vitamin1/public_html/vqmod/xml/extra_product_tab_catalog.xml
   id        : Additional Product Tabs
   version   : 1.0.3
   vqmver    : 2.2.1
   author    : Godfrey Livinstone

File Name    : catalog/view/theme/oxy/template/product/product.tpl(8)
VQModObject::applyMod - SEARCH NOT FOUND (SKIPPED): <div id="tab-related" class="tab-content">

----------------------------------------------------------------------


---------- Date: 2014-11-27 07:32:01 ~ IP : 42.60.246.24 ----------
REQUEST URI : /admin/index.php?route=sale/order/info&amp;token=f1c27b84f69f766a34f317c49dcdee38&amp;order_id=600
MOD DETAILS:
   modFile   : /home/vitamin1/public_html/vqmod/xml/1_profit_report_preparation_OCv156x.xml
   id        : ADV Profit Reporting Preparation v3.1 for OpenCart v1.5.3.x, v1.5.4.x, v1.5.5.x, v1.5.6.x
   version   : 3.1
   vqmver    : 2.1.6
   author    : ADV Reports and Statistics (cmerry)

File Name    : admin/view/template/sale/order_info.tpl(5)
VQModObject::applyMod - SEARCH NOT FOUND (ABORTING MOD): <td colspan="4" class="right"><?php echo $totals['title']; ?>:</td>
----------------------------------------------------------------------


